#
# There is insufficient memory for the Java Runtime Environment to continue.
# Native memory allocation (malloc) failed to allocate 1882976 bytes for Chunk::new
# Possible reasons:
#   The system is out of physical RAM or swap space
#   In 32 bit mode, the process size limit was hit
# Possible solutions:
#   Reduce memory load on the system
#   Increase physical memory or swap space
#   Check if swap backing store is full
#   Use 64 bit Java on a 64 bit OS
#   Decrease Java heap size (-Xmx/-Xms)
#   Decrease number of Java threads
#   Decrease Java thread stack sizes (-Xss)
#   Set larger code cache with -XX:ReservedCodeCacheSize=
# This output file may be truncated or incomplete.
#
#  Out of Memory Error (allocation.cpp:390), pid=16312, tid=8328
#
# JRE version: Java(TM) SE Runtime Environment (8.0_51-b16) (build 1.8.0_51-b16)
# Java VM: Java HotSpot(TM) 64-Bit Server VM (25.51-b03 mixed mode windows-amd64 compressed oops)
# Failed to write core dump. Minidumps are not enabled by default on client versions of Windows
#

---------------  T H R E A D  ---------------

Current thread (0x0000000058a9a800):  JavaThread "C2 CompilerThread1" daemon [_thread_in_native, id=8328, stack(0x000000005a490000,0x000000005a590000)]

Stack: [0x000000005a490000,0x000000005a590000]
Native frames: (J=compiled Java code, j=interpreted, Vv=VM code, C=native code)
V  [jvm.dll+0x32b4ca]
V  [jvm.dll+0x2797e3]
V  [jvm.dll+0x27a479]
V  [jvm.dll+0x271765]
V  [jvm.dll+0xcba02]
V  [jvm.dll+0xcbecc]
V  [jvm.dll+0x476f72]
V  [jvm.dll+0x4b95ff]
V  [jvm.dll+0x46bb38]
V  [jvm.dll+0x46cd4e]
V  [jvm.dll+0x4501a2]
V  [jvm.dll+0xa43a2]
V  [jvm.dll+0xa4cdf]
V  [jvm.dll+0x2418a4]
V  [jvm.dll+0x29846a]
C  [msvcr100.dll+0x21d9f]
C  [msvcr100.dll+0x21e3b]
C  [kernel32.dll+0x159cd]
C  [ntdll.dll+0x2b981]


Current CompileTask:
C2:  40159 2508   !   4       java.net.URLClassLoader$1::run (63 bytes)


---------------  P R O C E S S  ---------------

Java Threads: ( => current thread )
  0x0000000058b29800 JavaThread "Service Thread" daemon [_thread_blocked, id=4892, stack(0x000000005a9d0000,0x000000005aad0000)]
  0x0000000058ab4000 JavaThread "C1 CompilerThread3" daemon [_thread_blocked, id=6600, stack(0x000000005a7e0000,0x000000005a8e0000)]
  0x0000000058aa7000 JavaThread "C2 CompilerThread2" daemon [_thread_in_native, id=12224, stack(0x000000005a680000,0x000000005a780000)]
=>0x0000000058a9a800 JavaThread "C2 CompilerThread1" daemon [_thread_in_native, id=8328, stack(0x000000005a490000,0x000000005a590000)]
  0x0000000058a91800 JavaThread "C2 CompilerThread0" daemon [_thread_blocked, id=1204, stack(0x000000005a350000,0x000000005a450000)]
  0x0000000058a90000 JavaThread "Attach Listener" daemon [_thread_blocked, id=13844, stack(0x000000005a0d0000,0x000000005a1d0000)]
  0x0000000058a9f800 JavaThread "Signal Dispatcher" daemon [_thread_blocked, id=3752, stack(0x0000000059e90000,0x0000000059f90000)]
  0x00000000578ce800 JavaThread "Finalizer" daemon [_thread_blocked, id=9388, stack(0x0000000059d40000,0x0000000059e40000)]
  0x00000000578c8000 JavaThread "Reference Handler" daemon [_thread_blocked, id=7020, stack(0x0000000059c40000,0x0000000059d40000)]
  0x0000000001dc8800 JavaThread "main" [_thread_in_vm, id=16160, stack(0x0000000002040000,0x0000000002140000)]

Other Threads:
  0x0000000058a42800 VMThread [stack: 0x0000000059a70000,0x0000000059b70000] [id=6356]
  0x0000000058b1b800 WatcherThread [stack: 0x000000005ab50000,0x000000005ac50000] [id=11148]

VM state:not at safepoint (normal execution)

VM Mutex/Monitor currently owned by a thread: None

Heap:
 PSYoungGen      total 38400K, used 33644K [0x00000000d5980000, 0x00000000d8400000, 0x0000000100000000)
  eden space 33280K, 85% used [0x00000000d5980000,0x00000000d755efd8,0x00000000d7a00000)
  from space 5120K, 99% used [0x00000000d7a00000,0x00000000d7efc030,0x00000000d7f00000)
  to   space 5120K, 0% used [0x00000000d7f00000,0x00000000d7f00000,0x00000000d8400000)
 ParOldGen       total 87552K, used 3957K [0x0000000080c00000, 0x0000000086180000, 0x00000000d5980000)
  object space 87552K, 4% used [0x0000000080c00000,0x0000000080fdd728,0x0000000086180000)
 Metaspace       used 15009K, capacity 15314K, committed 15616K, reserved 1064960K
  class space    used 1833K, capacity 1953K, committed 2048K, reserved 1048576K

Card table byte_map: [0x00000000117d0000,0x0000000011bd0000] byte_map_base: 0x00000000113ca000

Marking Bits: (ParMarkBitMap*) 0x0000000065bb4040
 Begin Bits: [0x0000000012b40000, 0x0000000014b10000)
 End Bits:   [0x0000000014b10000, 0x0000000016ae0000)

Polling page: 0x0000000000120000

CodeCache: size=245760Kb used=7971Kb max_used=8280Kb free=237788Kb
 bounds [0x0000000002410000, 0x0000000002c30000, 0x0000000011410000]
 total_blobs=2757 nmethods=2426 adapters=243
 compilation: enabled

Compilation events (10 events):
Event: 39.336 Thread 0x0000000058aa7000 2503   !   4       java.net.URLClassLoader::findClass (47 bytes)
Event: 39.338 Thread 0x0000000058aa7000 nmethod 2503 0x0000000002549190 code [0x0000000002549320, 0x00000000025494f8]
Event: 39.388 Thread 0x0000000058a9a800 2504       4       java.lang.ReflectiveOperationException::<init> (7 bytes)
Event: 39.390 Thread 0x0000000058a9a800 nmethod 2504 0x0000000002592490 code [0x00000000025925e0, 0x0000000002592928]
Event: 39.391 Thread 0x0000000058a91800 2505   !   4       java.lang.ClassLoader::loadClass (122 bytes)
Event: 39.391 Thread 0x0000000058ab4000 2506       3       java.lang.ClassLoader::findBootstrapClassOrNull (16 bytes)
Event: 39.391 Thread 0x0000000058ab4000 nmethod 2506 0x000000000260cd10 code [0x000000000260ce80, 0x000000000260d0b8]
Event: 39.395 Thread 0x0000000058aa7000 2507       4       java.net.URLClassLoader$1::run (5 bytes)
Event: 39.397 Thread 0x0000000058a9a800 2508   !   4       java.net.URLClassLoader$1::run (63 bytes)
Event: 39.420 Thread 0x0000000058a91800 nmethod 2505 0x0000000002667d10 code [0x0000000002667f00, 0x0000000002668ee8]

GC Heap History (6 events):
Event: 17.747 GC heap before
{Heap before GC invocations=1 (full 0):
 PSYoungGen      total 38400K, used 33280K [0x00000000d5980000, 0x00000000d8400000, 0x0000000100000000)
  eden space 33280K, 100% used [0x00000000d5980000,0x00000000d7a00000,0x00000000d7a00000)
  from space 5120K, 0% used [0x00000000d7f00000,0x00000000d7f00000,0x00000000d8400000)
  to   space 5120K, 0% used [0x00000000d7a00000,0x00000000d7a00000,0x00000000d7f00000)
 ParOldGen       total 87552K, used 0K [0x0000000080c00000, 0x0000000086180000, 0x00000000d5980000)
  object space 87552K, 0% used [0x0000000080c00000,0x0000000080c00000,0x0000000086180000)
 Metaspace       used 7589K, capacity 7764K, committed 7936K, reserved 1056768K
  class space    used 946K, capacity 1016K, committed 1024K, reserved 1048576K
Event: 17.753 GC heap after
Heap after GC invocations=1 (full 0):
 PSYoungGen      total 38400K, used 4949K [0x00000000d5980000, 0x00000000d8400000, 0x0000000100000000)
  eden space 33280K, 0% used [0x00000000d5980000,0x00000000d5980000,0x00000000d7a00000)
  from space 5120K, 96% used [0x00000000d7a00000,0x00000000d7ed55e8,0x00000000d7f00000)
  to   space 5120K, 0% used [0x00000000d7f00000,0x00000000d7f00000,0x00000000d8400000)
 ParOldGen       total 87552K, used 16K [0x0000000080c00000, 0x0000000086180000, 0x00000000d5980000)
  object space 87552K, 0% used [0x0000000080c00000,0x0000000080c04000,0x0000000086180000)
 Metaspace       used 7589K, capacity 7764K, committed 7936K, reserved 1056768K
  class space    used 946K, capacity 1016K, committed 1024K, reserved 1048576K
}
Event: 23.589 GC heap before
{Heap before GC invocations=2 (full 0):
 PSYoungGen      total 38400K, used 38229K [0x00000000d5980000, 0x00000000d8400000, 0x0000000100000000)
  eden space 33280K, 100% used [0x00000000d5980000,0x00000000d7a00000,0x00000000d7a00000)
  from space 5120K, 96% used [0x00000000d7a00000,0x00000000d7ed55e8,0x00000000d7f00000)
  to   space 5120K, 0% used [0x00000000d7f00000,0x00000000d7f00000,0x00000000d8400000)
 ParOldGen       total 87552K, used 16K [0x0000000080c00000, 0x0000000086180000, 0x00000000d5980000)
  object space 87552K, 0% used [0x0000000080c00000,0x0000000080c04000,0x0000000086180000)
 Metaspace       used 12942K, capacity 13158K, committed 13312K, reserved 1060864K
  class space    used 1627K, capacity 1701K, committed 1792K, reserved 1048576K
Event: 23.596 GC heap after
Heap after GC invocations=2 (full 0):
 PSYoungGen      total 38400K, used 5102K [0x00000000d5980000, 0x00000000d8400000, 0x0000000100000000)
  eden space 33280K, 0% used [0x00000000d5980000,0x00000000d5980000,0x00000000d7a00000)
  from space 5120K, 99% used [0x00000000d7f00000,0x00000000d83fba28,0x00000000d8400000)
  to   space 5120K, 0% used [0x00000000d7a00000,0x00000000d7a00000,0x00000000d7f00000)
 ParOldGen       total 87552K, used 2789K [0x0000000080c00000, 0x0000000086180000, 0x00000000d5980000)
  object space 87552K, 3% used [0x0000000080c00000,0x0000000080eb95a8,0x0000000086180000)
 Metaspace       used 12942K, capacity 13158K, committed 13312K, reserved 1060864K
  class space    used 1627K, capacity 1701K, committed 1792K, reserved 1048576K
}
Event: 30.534 GC heap before
{Heap before GC invocations=3 (full 0):
 PSYoungGen      total 38400K, used 38382K [0x00000000d5980000, 0x00000000d8400000, 0x0000000100000000)
  eden space 33280K, 100% used [0x00000000d5980000,0x00000000d7a00000,0x00000000d7a00000)
  from space 5120K, 99% used [0x00000000d7f00000,0x00000000d83fba28,0x00000000d8400000)
  to   space 5120K, 0% used [0x00000000d7a00000,0x00000000d7a00000,0x00000000d7f00000)
 ParOldGen       total 87552K, used 2789K [0x0000000080c00000, 0x0000000086180000, 0x00000000d5980000)
  object space 87552K, 3% used [0x0000000080c00000,0x0000000080eb95a8,0x0000000086180000)
 Metaspace       used 13608K, capacity 13822K, committed 14080K, reserved 1060864K
  class space    used 1678K, capacity 1769K, committed 1792K, reserved 1048576K
Event: 30.564 GC heap after
Heap after GC invocations=3 (full 0):
 PSYoungGen      total 38400K, used 5104K [0x00000000d5980000, 0x00000000d8400000, 0x0000000100000000)
  eden space 33280K, 0% used [0x00000000d5980000,0x00000000d5980000,0x00000000d7a00000)
  from space 5120K, 99% used [0x00000000d7a00000,0x00000000d7efc030,0x00000000d7f00000)
  to   space 5120K, 0% used [0x00000000d7f00000,0x00000000d7f00000,0x00000000d8400000)
 ParOldGen       total 87552K, used 3957K [0x0000000080c00000, 0x0000000086180000, 0x00000000d5980000)
  object space 87552K, 4% used [0x0000000080c00000,0x0000000080fdd728,0x0000000086180000)
 Metaspace       used 13608K, capacity 13822K, committed 14080K, reserved 1060864K
  class space    used 1678K, capacity 1769K, committed 1792K, reserved 1048576K
}

Deoptimization events (10 events):
Event: 34.062 Thread 0x0000000001dc8800 Uncommon trap: reason=unstable_if action=reinterpret pc=0x0000000002a2f890 method=java.util.Hashtable$Enumerator.nextElement()Ljava/lang/Object; @ 16
Event: 34.080 Thread 0x0000000001dc8800 Uncommon trap: reason=unstable_if action=reinterpret pc=0x0000000002640478 method=java.lang.AbstractStringBuilder.append(Ljava/lang/String;)Ljava/lang/AbstractStringBuilder; @ 1
Event: 38.000 Thread 0x0000000001dc8800 Uncommon trap: reason=unstable_if action=reinterpret pc=0x000000000292ab0c method=java.util.LinkedHashMap.afterNodeInsertion(Z)V @ 18
Event: 38.632 Thread 0x0000000001dc8800 Uncommon trap: reason=bimorphic action=maybe_recompile pc=0x0000000002ac0cb4 method=java.util.regex.Pattern$BmpCharProperty.match(Ljava/util/regex/Matcher;ILjava/lang/CharSequence;)Z @ 16
Event: 38.632 Thread 0x0000000001dc8800 Uncommon trap: reason=bimorphic action=maybe_recompile pc=0x0000000002ac0cb4 method=java.util.regex.Pattern$BmpCharProperty.match(Ljava/util/regex/Matcher;ILjava/lang/CharSequence;)Z @ 16
Event: 38.815 Thread 0x0000000001dc8800 Uncommon trap: reason=unstable_if action=reinterpret pc=0x0000000002b8ffd4 method=java.io.WinNTFileSystem.isLetter(C)Z @ 15
Event: 38.816 Thread 0x0000000001dc8800 Uncommon trap: reason=bimorphic action=maybe_recompile pc=0x00000000028815a4 method=java.lang.ClassLoader.loadClass(Ljava/lang/String;Z)Ljava/lang/Class; @ 38
Event: 39.139 Thread 0x0000000001dc8800 Uncommon trap: reason=bimorphic action=maybe_recompile pc=0x00000000028815a4 method=java.lang.ClassLoader.loadClass(Ljava/lang/String;Z)Ljava/lang/Class; @ 38
Event: 39.140 Thread 0x0000000001dc8800 Uncommon trap: reason=bimorphic action=maybe_recompile pc=0x00000000028815a4 method=java.lang.ClassLoader.loadClass(Ljava/lang/String;Z)Ljava/lang/Class; @ 38
Event: 39.140 Thread 0x0000000001dc8800 Uncommon trap: reason=bimorphic action=maybe_recompile pc=0x00000000028815a4 method=java.lang.ClassLoader.loadClass(Ljava/lang/String;Z)Ljava/lang/Class; @ 38

Internal exceptions (10 events):
Event: 17.536 Thread 0x0000000001dc8800 Exception <a 'java/lang/ArrayIndexOutOfBoundsException'> (0x00000000d76b09d0) thrown at [C:\re\workspace\8-2-build-windows-amd64-cygwin\jdk8u51\3951\hotspot\src\share\vm\runtime\sharedRuntime.cpp, line 605]
Event: 17.549 Thread 0x0000000001dc8800 Exception <a 'java/lang/ArrayIndexOutOfBoundsException'> (0x00000000d774dca0) thrown at [C:\re\workspace\8-2-build-windows-amd64-cygwin\jdk8u51\3951\hotspot\src\share\vm\runtime\sharedRuntime.cpp, line 605]
Event: 17.549 Thread 0x0000000001dc8800 Exception <a 'java/lang/ArrayIndexOutOfBoundsException'> (0x00000000d774e9f8) thrown at [C:\re\workspace\8-2-build-windows-amd64-cygwin\jdk8u51\3951\hotspot\src\share\vm\runtime\sharedRuntime.cpp, line 605]
Event: 23.946 Thread 0x0000000001dc8800 Implicit null exception at 0x00000000027c8c85 to 0x00000000027c8e51
Event: 23.946 Thread 0x0000000001dc8800 Implicit null exception at 0x000000000279a72f to 0x000000000279a795
Event: 24.451 Thread 0x0000000001dc8800 Implicit null exception at 0x000000000291804d to 0x0000000002919201
Event: 34.041 Thread 0x0000000001dc8800 Implicit null exception at 0x0000000002729b46 to 0x0000000002729e71
Event: 34.062 Thread 0x0000000001dc8800 Implicit null exception at 0x0000000002a44290 to 0x0000000002a44301
Event: 34.062 Thread 0x0000000001dc8800 Implicit null exception at 0x0000000002a2f820 to 0x0000000002a2f871
Event: 34.080 Thread 0x0000000001dc8800 Implicit null exception at 0x0000000002640146 to 0x0000000002640461

Events (10 events):
Event: 39.457 loading class com/sun/tools/javac/code/Lint done
Event: 39.457 loading class com/sun/tools/javac/code/Lint
Event: 39.457 loading class com/sun/tools/javac/code/Lint done
Event: 39.458 loading class com/sun/tools/javac/util/Context$Key
Event: 39.458 loading class com/sun/tools/javac/util/Context$Key done
Event: 39.458 loading class com/sun/tools/javac/util/Context$Key
Event: 39.458 loading class com/sun/tools/javac/util/Context$Key done
Event: 39.458 loading class com/sun/tools/javac/util/Context$Key
Event: 39.458 loading class com/sun/tools/javac/util/Context$Key done
Event: 39.485 loading class java/util/RegularEnumSet$EnumSetIterator


Dynamic libraries:
0x000000013f2b0000 - 0x000000013f2e7000 	C:\Java\jdk1.8.0_51\bin\java.exe
0x0000000076eb0000 - 0x0000000077059000 	C:\Windows\SYSTEM32\ntdll.dll
0x0000000076c90000 - 0x0000000076daf000 	C:\Windows\system32\kernel32.dll
0x000007fefcd50000 - 0x000007fefcdbc000 	C:\Windows\system32\KERNELBASE.dll
0x000007fefe960000 - 0x000007fefea3b000 	C:\Windows\system32\ADVAPI32.dll
0x000007fefe3e0000 - 0x000007fefe47f000 	C:\Windows\system32\msvcrt.dll
0x000007fefeaf0000 - 0x000007fefeb0f000 	C:\Windows\SYSTEM32\sechost.dll
0x000007fefe830000 - 0x000007fefe95d000 	C:\Windows\system32\RPCRT4.dll
0x0000000076db0000 - 0x0000000076eaa000 	C:\Windows\system32\USER32.dll
0x000007fefd310000 - 0x000007fefd377000 	C:\Windows\system32\GDI32.dll
0x000007fefd300000 - 0x000007fefd30e000 	C:\Windows\system32\LPK.dll
0x000007fefeb90000 - 0x000007fefec59000 	C:\Windows\system32\USP10.dll
0x000007fefb620000 - 0x000007fefb814000 	C:\Windows\WinSxS\amd64_microsoft.windows.common-controls_6595b64144ccf1df_6.0.7601.18837_none_fa3b1e3d17594757\COMCTL32.dll
0x000007feff0a0000 - 0x000007feff111000 	C:\Windows\system32\SHLWAPI.dll
0x000007fefe480000 - 0x000007fefe4ae000 	C:\Windows\system32\IMM32.DLL
0x000007fefe720000 - 0x000007fefe829000 	C:\Windows\system32\MSCTF.dll
0x000000006cc80000 - 0x000000006cd52000 	C:\Java\jdk1.8.0_51\jre\bin\msvcr100.dll
0x00000000653b0000 - 0x0000000065c33000 	C:\Java\jdk1.8.0_51\jre\bin\server\jvm.dll
0x000007fef7410000 - 0x000007fef7419000 	C:\Windows\system32\WSOCK32.dll
0x000007fefeec0000 - 0x000007fefef0d000 	C:\Windows\system32\WS2_32.dll
0x000007fefeae0000 - 0x000007fefeae8000 	C:\Windows\system32\NSI.dll
0x000007fefb1e0000 - 0x000007fefb21b000 	C:\Windows\system32\WINMM.dll
0x000007fefbd00000 - 0x000007fefbd0c000 	C:\Windows\system32\VERSION.dll
0x0000000077080000 - 0x0000000077087000 	C:\Windows\system32\PSAPI.DLL
0x000000006cde0000 - 0x000000006cdef000 	C:\Java\jdk1.8.0_51\jre\bin\verify.dll
0x000000006cc50000 - 0x000000006cc79000 	C:\Java\jdk1.8.0_51\jre\bin\java.dll
0x000000006cc30000 - 0x000000006cc46000 	C:\Java\jdk1.8.0_51\jre\bin\zip.dll
0x000007fefd380000 - 0x000007fefe109000 	C:\Windows\system32\SHELL32.dll
0x000007fefe4b0000 - 0x000007fefe6b3000 	C:\Windows\system32\ole32.dll
0x000007fefcc60000 - 0x000007fefcc6f000 	C:\Windows\system32\profapi.dll
0x000000006cc10000 - 0x000000006cc2a000 	C:\Java\jdk1.8.0_51\jre\bin\net.dll
0x000007fefc400000 - 0x000007fefc455000 	C:\Windows\system32\mswsock.dll
0x000007fefc3f0000 - 0x000007fefc3f7000 	C:\Windows\System32\wship6.dll
0x000000006cbf0000 - 0x000000006cc01000 	C:\Java\jdk1.8.0_51\jre\bin\nio.dll
0x000007fef48d0000 - 0x000007fef49f5000 	C:\Windows\system32\dbghelp.dll

VM Arguments:
jvm_args: -Dclassworlds.conf=C:\apache-maven-3.1.1\bin\..\bin\m2.conf -Dmaven.home=C:\apache-maven-3.1.1\bin\.. 
java_command: org.codehaus.plexus.classworlds.launcher.Launcher -X package
java_class_path (initial): C:\apache-maven-3.1.1\bin\..\boot\plexus-classworlds-2.5.1.jar
Launcher Type: SUN_STANDARD

Environment Variables:
JAVA_HOME=C:\Java\jdk1.8.0_51
CLASSPATH=C:\JARS\MQ\providerutil.jar;C:\JARS\MQ\com.ibm.mqjms.jar;C:\JARS\MQ\ldap.jar;C:\JARS\MQ\jta.jar;C:\JARS\MQ\jndi.jar;C:\JARS\MQ\jms.jar;C:\JARS\MQ\connector.jar;C:\JARS\Weblogic\wlfullclient.jar;C:\bea\wlserver_10.0\server\lib\wloracle.jar;C:\Oracle\Middleware10.3.5\wlserver_10.3\server\lib\wlbase.jar;C:\Oracle\Middleware10.3.5\wlserver_10.3\server\lib\wlutil.jar;
PATH=C:\Tomcat 5.0\jaxws\bin;C:\apache-ant-1.7.0\bin;C:\Java\jdk1.8.0_51\bin;C:\ProgramData\Oracle\Java\javapath;C:\Program Files (x86)\IBM\WebSphere MQ\java\lib;C:\Program Files (x86)\IBM\WebSphere MQ\java\lib64;C:\oraclexe10g\app\oracle\product\10.2.0\server\bin;C:\Sybase\ASE-15_0\jobscheduler\bin;C:\Sybase\ASE-15_0\dll;C:\Sybase\ASE-15_0\bin;C:\Sybase\DBISQL\bin;C:\Sybase\DataAccess\ADONET\dll;C:\Sybase\DataAccess\ODBC\dll;C:\Sybase\SCC-3_2\bin;C:\Sybase\OCS-15_0\lib3p;C:\Sybase\OCS-15_0\dll;C:\Sybase\OCS-15_0\bin;C:\Oracle11g\Client;C:\Oracle11g\home\product\11.2.0\dbhome_1\bin;C:\Program Files (x86)\HP SimplePass 2012\x64;C:\Program Files (x86)\HP SimplePass 2012\;C:\Program Files (x86)\AMD APP\bin\x86_64;C:\Program Files (x86)\AMD APP\bin\x86;C:\Program Files\Common Files\Microsoft Shared\Windows Live;C:\Program Files (x86)\Common Files\Microsoft Shared\Windows Live;C:\Windows\system32;C:\Windows;C:\Windows\System32\Wbem;C:\Windows\System32\WindowsPowerShell\v1.0\;C:\Program Files (x86)\Common Files\Roxio Shared\DLLShared\;C:\Program Files (x86)\Common Files\Roxio Shared\DLLShared\;C:\Program Files (x86)\Common Files\Roxio Shared\12.0\DLLShared\;C:\Program Files (x86)\Windows Live\Shared;C:\Program Files (x86)\ATI Technologies\ATI.ACE\Core-Static;C:\Program Files (x86)\Intel\Services\IPT\;C:\Program Files\Intel\WiFi\bin\;C:\Program Files\Common Files\Intel\WirelessCommon\;C:\apache-ant-1.7.0\bin;C:\apache-maven-3.1.1\bin;C:\Program Files\SourceGear\Common\DiffMerge\;C:\Program Files (x86)\IBM\WebSphere MQ\bin64;C:\Program Files (x86)\IBM\WebSphere MQ\bin;C:\Program Files (x86)\IBM\WebSphere MQ\tools\c\samples\bin;;
USERNAME=home
OS=Windows_NT
PROCESSOR_IDENTIFIER=Intel64 Family 6 Model 42 Stepping 7, GenuineIntel



---------------  S Y S T E M  ---------------

OS: Windows 7 , 64 bit Build 7601 (6.1.7601.18869)

CPU:total 8 (4 cores per cpu, 2 threads per core) family 6 model 42 stepping 7, cmov, cx8, fxsr, mmx, sse, sse2, sse3, ssse3, sse4.1, sse4.2, popcnt, avx, aes, clmul, ht, tsc, tscinvbit

Memory: 4k page, physical 8335216k(1010168k free), swap 11405380k(22468k free)

vm_info: Java HotSpot(TM) 64-Bit Server VM (25.51-b03) for windows-amd64 JRE (1.8.0_51-b16), built on Jun  8 2015 18:03:07 by "java_re" with MS VC++ 10.0 (VS2010)

time: Thu Jul 23 18:51:20 2015
elapsed time: 40 seconds (0d 0h 0m 40s)

